#
# There is insufficient memory for the Java Runtime Environment to continue.
# Native memory allocation (mmap) failed to map 268435456 bytes for Failed to commit area from 0x0000000701c00000 to 0x0000000711c00000 of length 268435456.
# Possible reasons:
#   The system is out of physical RAM or swap space
#   The process is running with CompressedOops enabled, and the Java Heap may be blocking the growth of the native heap
# Possible solutions:
#   Reduce memory load on the system
#   Increase physical memory or swap space
#   Check if swap backing store is full
#   Decrease Java heap size (-Xmx/-Xms)
#   Decrease number of Java threads
#   Decrease Java thread stack sizes (-Xss)
#   Set larger code cache with -XX:ReservedCodeCacheSize=
# This output file may be truncated or incomplete.
#
#  Out of Memory Error (src/hotspot/os/windows/os_windows.cpp:3627), pid=29380, tid=29484
#
# JRE version:  (11.0.15+10) (build )
# Java VM: OpenJDK 64-Bit Server VM (11.0.15+10-b2043.56, mixed mode, sharing, tiered, compressed oops, g1 gc, windows-amd64)
# No core dump will be written. Minidumps are not enabled by default on client versions of Windows
#

---------------  S U M M A R Y ------------

Command Line: git4idea.http.GitAskPassApp Username for 'https://github.com': 

Host: Intel(R) Core(TM) i7-7700HQ CPU @ 2.80GHz, 8 cores, 15G,  Windows 10 , 64 bit Build 19041 (10.0.19041.2546)
Time: Mon Feb 20 20:26:49 2023 Paris, Madrid elapsed time: 0.083284 seconds (0d 0h 0m 0s)

---------------  T H R E A D  ---------------

Current thread (0x0000027bde9fd000):  JavaThread "Unknown thread" [_thread_in_vm, id=29484, stack(0x000000bfacd00000,0x000000bface00000)]

Stack: [0x000000bfacd00000,0x000000bface00000]
Native frames: (J=compiled Java code, j=interpreted, Vv=VM code, C=native code)
V  [jvm.dll+0x61612a]
V  [jvm.dll+0x79c450]
V  [jvm.dll+0x79da6d]
V  [jvm.dll+0x79e143]
V  [jvm.dll+0x24cc18]
V  [jvm.dll+0x613174]
V  [jvm.dll+0x607e55]
V  [jvm.dll+0x30b1cb]
V  [jvm.dll+0x30b13a]
V  [jvm.dll+0x30b012]
V  [jvm.dll+0x30ff76]
V  [jvm.dll+0x35b4c3]
V  [jvm.dll+0x35bbc6]
V  [jvm.dll+0x35b5c3]
V  [jvm.dll+0x2e5918]
V  [jvm.dll+0x2e6ab7]
V  [jvm.dll+0x7794f7]
V  [jvm.dll+0x77acec]
V  [jvm.dll+0x368a59]
V  [jvm.dll+0x75ce8e]
V  [jvm.dll+0x3d6a33]
V  [jvm.dll+0x3d9001]
C  [jli.dll+0x536b]
C  [ucrtbase.dll+0x21bb2]
C  [KERNEL32.DLL+0x17614]
C  [ntdll.dll+0x526a1]


---------------  P R O C E S S  ---------------

Threads class SMR info:
_java_thread_list=0x0000027bdc933450, length=0, elements={
}

Java Threads: ( => current thread )

Other Threads:
  0x0000027bdea17000 GCTaskThread "GC Thread#0" [stack: 0x000000bface00000,0x000000bfacf00000] [id=35948]
  0x0000027bdea74000 ConcurrentGCThread "G1 Main Marker" [stack: 0x000000bfacf00000,0x000000bfad000000] [id=26632]
  0x0000027bdea75800 ConcurrentGCThread "G1 Conc#0" [stack: 0x000000bfad000000,0x000000bfad100000] [id=26816]

[error occurred during error reporting (printing all threads), id 0xc0000005, EXCEPTION_ACCESS_VIOLATION (0xc0000005) at pc=0x00007ffba1796017]

VM state:not at safepoint (not fully initialized)

VM Mutex/Monitor currently owned by a thread:  ([mutex/lock_event])
[0x0000027bde9fad20] Heap_lock - owner thread: 0x0000027bde9fd000

Heap address: 0x0000000701c00000, size: 4068 MB, Compressed Oops mode: Non-zero based: 0x0000000701c00000
Narrow klass base: 0x0000000000000000, Narrow klass shift: 0

GC Heap History (0 events):
No events

Deoptimization events (0 events):
No events

Classes redefined (0 events):
No events

Internal exceptions (0 events):
No events

Events (1 events):
Event: 0.011 Loaded shared library D:\3B7 2nd PART\STAGE\APP\Intellij Ultimate\Intellij\IntelliJ IDEA 2022.1.3\jbr\bin\zip.dll


Dynamic libraries:
0x00007ff79ab00000 - 0x00007ff79ab0a000 	D:\3B7 2nd PART\STAGE\APP\Intellij Ultimate\Intellij\IntelliJ IDEA 2022.1.3\jbr\bin\java.exe
0x00007ffc15eb0000 - 0x00007ffc160a8000 	C:\WINDOWS\SYSTEM32\ntdll.dll
0x00007ffc151b0000 - 0x00007ffc1526f000 	C:\WINDOWS\System32\KERNEL32.DLL
0x00007ffc13640000 - 0x00007ffc13912000 	C:\WINDOWS\System32\KERNELBASE.dll
0x00007ffc13df0000 - 0x00007ffc13ef0000 	C:\WINDOWS\System32\ucrtbase.dll
0x00007ffbf9aa0000 - 0x00007ffbf9ab9000 	D:\3B7 2nd PART\STAGE\APP\Intellij Ultimate\Intellij\IntelliJ IDEA 2022.1.3\jbr\bin\jli.dll
0x00007ffbfc770000 - 0x00007ffbfc786000 	D:\3B7 2nd PART\STAGE\APP\Intellij Ultimate\Intellij\IntelliJ IDEA 2022.1.3\jbr\bin\VCRUNTIME140.dll
0x00007ffc15cc0000 - 0x00007ffc15e61000 	C:\WINDOWS\System32\USER32.dll
0x00007ffc139a0000 - 0x00007ffc139c2000 	C:\WINDOWS\System32\win32u.dll
0x00007ffbf83c0000 - 0x00007ffbf865a000 	C:\WINDOWS\WinSxS\amd64_microsoft.windows.common-controls_6595b64144ccf1df_6.0.19041.1110_none_60b5254171f9507e\COMCTL32.dll
0x00007ffc14950000 - 0x00007ffc1497b000 	C:\WINDOWS\System32\GDI32.dll
0x00007ffc14df0000 - 0x00007ffc14e8e000 	C:\WINDOWS\System32\msvcrt.dll
0x00007ffc139d0000 - 0x00007ffc13adf000 	C:\WINDOWS\System32\gdi32full.dll
0x00007ffc135a0000 - 0x00007ffc1363d000 	C:\WINDOWS\System32\msvcp_win.dll
0x00007ffc15010000 - 0x00007ffc15042000 	C:\WINDOWS\System32\IMM32.DLL
0x00007ffbd1400000 - 0x00007ffbd14aa000 	D:\3B7 2nd PART\STAGE\APP\Intellij Ultimate\Intellij\IntelliJ IDEA 2022.1.3\jbr\bin\msvcp140.dll
0x00007ffba14a0000 - 0x00007ffba201b000 	D:\3B7 2nd PART\STAGE\APP\Intellij Ultimate\Intellij\IntelliJ IDEA 2022.1.3\jbr\bin\server\jvm.dll
0x00007ffc14e90000 - 0x00007ffc14f3e000 	C:\WINDOWS\System32\ADVAPI32.dll
0x00007ffc15680000 - 0x00007ffc1571c000 	C:\WINDOWS\System32\sechost.dll
0x00007ffc15440000 - 0x00007ffc15565000 	C:\WINDOWS\System32\RPCRT4.dll
0x00007ffc150b0000 - 0x00007ffc150b8000 	C:\WINDOWS\System32\PSAPI.DLL
0x00007ffbfc6e0000 - 0x00007ffbfc707000 	C:\WINDOWS\SYSTEM32\WINMM.dll
0x00007ffbf4030000 - 0x00007ffbf4039000 	C:\WINDOWS\SYSTEM32\WSOCK32.dll
0x00007ffc08c30000 - 0x00007ffc08c3a000 	C:\WINDOWS\SYSTEM32\VERSION.dll
0x00007ffc15140000 - 0x00007ffc151ab000 	C:\WINDOWS\System32\WS2_32.dll
0x00007ffc11460000 - 0x00007ffc11472000 	C:\WINDOWS\SYSTEM32\kernel.appcore.dll
0x00007ffbf3cc0000 - 0x00007ffbf3cd1000 	D:\3B7 2nd PART\STAGE\APP\Intellij Ultimate\Intellij\IntelliJ IDEA 2022.1.3\jbr\bin\verify.dll
0x00007ffc10c40000 - 0x00007ffc10e24000 	C:\WINDOWS\SYSTEM32\DBGHELP.DLL
0x00007ffc01e70000 - 0x00007ffc01ea5000 	C:\WINDOWS\SYSTEM32\dbgcore.DLL
0x00007ffc13cf0000 - 0x00007ffc13d72000 	C:\WINDOWS\System32\bcryptPrimitives.dll
0x00007ffbf3a80000 - 0x00007ffbf3aa9000 	D:\3B7 2nd PART\STAGE\APP\Intellij Ultimate\Intellij\IntelliJ IDEA 2022.1.3\jbr\bin\java.dll
0x00007ffbf3cb0000 - 0x00007ffbf3cbb000 	D:\3B7 2nd PART\STAGE\APP\Intellij Ultimate\Intellij\IntelliJ IDEA 2022.1.3\jbr\bin\jimage.dll
0x00007ffbf3b60000 - 0x00007ffbf3b79000 	D:\3B7 2nd PART\STAGE\APP\Intellij Ultimate\Intellij\IntelliJ IDEA 2022.1.3\jbr\bin\zip.dll

dbghelp: loaded successfully - version: 4.0.5 - missing functions: none
symbol engine: initialized successfully - sym options: 0x614 - pdb path: .;D:\3B7 2nd PART\STAGE\APP\Intellij Ultimate\Intellij\IntelliJ IDEA 2022.1.3\jbr\bin;C:\WINDOWS\SYSTEM32;C:\WINDOWS\WinSxS\amd64_microsoft.windows.common-controls_6595b64144ccf1df_6.0.19041.1110_none_60b5254171f9507e;D:\3B7 2nd PART\STAGE\APP\Intellij Ultimate\Intellij\IntelliJ IDEA 2022.1.3\jbr\bin\server

VM Arguments:
java_command: git4idea.http.GitAskPassApp Username for 'https://github.com': 
java_class_path (initial): D:/3B7 2nd PART/STAGE/APP/Intellij Ultimate/Intellij/IntelliJ IDEA 2022.1.3/plugins/git4idea/lib/git4idea-rt.jar;D:/3B7 2nd PART/STAGE/APP/Intellij Ultimate/Intellij/IntelliJ IDEA 2022.1.3/lib/externalProcess-rt.jar;D:/3B7 2nd PART/STAGE/APP/Intellij Ultimate/Intellij/IntelliJ IDEA 2022.1.3/lib/app.jar;D:/3B7 2nd PART/STAGE/APP/Intellij Ultimate/Intellij/IntelliJ IDEA 2022.1.3/lib/3rd-party-rt.jar
Launcher Type: SUN_STANDARD

[Global flags]
     intx CICompilerCount                          = 4                                         {product} {ergonomic}
     uint ConcGCThreads                            = 2                                         {product} {ergonomic}
     uint G1ConcRefinementThreads                  = 8                                         {product} {ergonomic}
   size_t G1HeapRegionSize                         = 1048576                                   {product} {ergonomic}
    uintx GCDrainStackTargetSize                   = 64                                        {product} {ergonomic}
   size_t InitialHeapSize                          = 268435456                                 {product} {ergonomic}
   size_t MarkStackSize                            = 4194304                                   {product} {ergonomic}
   size_t MaxHeapSize                              = 4265607168                                {product} {ergonomic}
   size_t MinHeapDeltaBytes                        = 1048576                                   {product} {ergonomic}
    uintx NonNMethodCodeHeapSize                   = 5836300                                {pd product} {ergonomic}
    uintx NonProfiledCodeHeapSize                  = 122910970                              {pd product} {ergonomic}
    uintx ProfiledCodeHeapSize                     = 122910970                              {pd product} {ergonomic}
    uintx ReservedCodeCacheSize                    = 251658240                              {pd product} {ergonomic}
     bool SegmentedCodeCache                       = true                                      {product} {ergonomic}
     bool UseCompressedClassPointers               = true                                 {lp64_product} {ergonomic}
     bool UseCompressedOops                        = true                                 {lp64_product} {ergonomic}
     bool UseG1GC                                  = true                                      {product} {ergonomic}
     bool UseLargePagesIndividualAllocation        = false                                  {pd product} {ergonomic}

Logging:
Log output configuration:
 #0: stdout all=warning uptime,level,tags
 #1: stderr all=off uptime,level,tags

Environment Variables:
JAVA_HOME=C:\Program Files\Java\jdk1.8.0_321
PATH=C:/Program Files/Git/mingw64/libexec/git-core;C:/Program Files/Git/mingw64/libexec/git-core;C:\Program Files\Git\mingw64\bin;C:\Program Files\Git\usr\bin;C:\Users\21624\bin;C:\Python311\Scripts\;C:\Python311\;D:\Apps\Oracle\app\oracle\product\10.2.0\server\bin;C:\oraclexe\app\oracle\product\10.2.0\server\bin;C:\Program Files (x86)\Common Files\Oracle\Java\javapath;D:\Apps\Python\Scripts\;D:\Apps\Python\;C:\WINDOWS\system32;C:\WINDOWS;C:\WINDOWS\System32\Wbem;C:\WINDOWS\System32\WindowsPowerShell\v1.0\;C:\WINDOWS\System32\OpenSSH\;C:\Program Files (x86)\NVIDIA Corporation\PhysX\Common;C:\Program Files\NVIDIA Corporation\NVIDIA NvDLISR;C:\Program Files\Java\jdk1.8.0_321\bin;C:\Program Files\Microsoft SQL Server\Client SDK\ODBC\170\Tools\Binn\;C:\Program Files (x86)\Microsoft SQL Server\150\Tools\Binn\;C:\Program Files\Microsoft SQL Server\150\Tools\Binn\;C:\Program Files\Microsoft SQL Server\150\DTS\Binn\;C:\Program Files\Azure Data Studio\bin;C:\Program Files\Git\cmd;C:\ProgramData\chocolatey\bin;C:\ProgramData\ComposerSetup\bin;D:\Dhaou-Jawhar\Project\BackEnd\XAMPP\php;C:\Program Files\dotnet\;D:\4SE5 2nd PART\Angular\APPS\Nodejs\;C:\Users\21624\scoop\shims;C:\Users\21624\AppData\Local\Microsoft\WindowsApps;D:\Apps\visual studio\Microsoft VS Code\bin;C:\Program Files\Azure Data Studio\bin;D:\4SE5\PHP SYNFONY\JetBrains\PhpStorm 2022.2.3\bin;D:\Dhaou-Jawhar\Project\BackEnd\XAMPP\php;C:\Users\21624\AppData\Roaming\Composer\vendor\bin;C:\Users\21624\.dotnet\tools;C:\Users\21624\AppData\Local\GitHubDesktop\bin;C:\Users\21624\AppData\Roaming\npm
USERNAME=Dhaou Jawher
DISPLAY=:0.0
LC_ALL=en_US.UTF-8
OS=Windows_NT
PROCESSOR_IDENTIFIER=Intel64 Family 6 Model 158 Stepping 9, GenuineIntel



---------------  S Y S T E M  ---------------

OS: Windows 10 , 64 bit Build 19041 (10.0.19041.2546)
OS uptime: 0 days 4:16 hours

CPU:total 8 (initial active 8) (4 cores per cpu, 2 threads per core) family 6 model 158 stepping 9 microcode 0xb4, cmov, cx8, fxsr, mmx, sse, sse2, sse3, ssse3, sse4.1, sse4.2, popcnt, avx, avx2, aes, clmul, erms, 3dnowpref, lzcnt, ht, tsc, tscinvbit, bmi1, bmi2, adx, fma

Memory: 4k page, system-wide physical 16269M (3068M free)
TotalPageFile size 18317M (AvailPageFile size 32M)
current process WorkingSet (physical memory assigned to process): 10M, peak: 10M
current process commit charge ("private bytes"): 60M, peak: 316M

vm_info: OpenJDK 64-Bit Server VM (11.0.15+10-b2043.56) for windows-amd64 JRE (11.0.15+10-b2043.56), built on May 16 2022 02:28:12 by "" with MS VC++ 14.0 (VS2015)

END.
